<?xml version="1.0" encoding="UTF-8"?>
<!-- Generated by org.testng.reporters.JUnitReportReporter -->
<testsuite hostname="DESKTOP-UKQTIHO" name="com.testrunner.FlightResultTestRunner" tests="1" failures="0" timestamp="28 May 2019 07:08:01 GMT" time="84.083" errors="0">
  <testcase name="feature" time="84.083" classname="com.testrunner.FlightResultTestRunner"/>
</testsuite> <!-- com.testrunner.FlightResultTestRunner -->
