<?xml version="1.0" encoding="UTF-8"?>
<!-- Generated by org.testng.reporters.JUnitReportReporter -->
<testsuite hostname="DESKTOP-UKQTIHO" name="com.testrunner.TestRunner" tests="1" failures="0" timestamp="22 May 2019 20:03:03 GMT" time="93.437" errors="0">
  <testcase name="feature" time="93.437" classname="com.testrunner.TestRunner"/>
</testsuite> <!-- com.testrunner.TestRunner -->
