<?xml version="1.0" encoding="UTF-8"?>
<!-- Generated by org.testng.reporters.JUnitReportReporter -->
<testsuite hostname="DESKTOP-UKQTIHO" name="com.testrunner.FlightResultTestRunner" tests="1" failures="0" timestamp="25 May 2019 09:54:47 GMT" time="90.086" errors="0">
  <testcase name="feature" time="90.086" classname="com.testrunner.FlightResultTestRunner"/>
</testsuite> <!-- com.testrunner.FlightResultTestRunner -->
