<?xml version="1.0" encoding="UTF-8"?>
<!-- Generated by org.testng.reporters.JUnitReportReporter -->
<testsuite hostname="DESKTOP-UKQTIHO" name="com.testrunner.FlightTestRunner" tests="1" failures="0" timestamp="22 May 2019 07:36:36 GMT" time="92.144" errors="0">
  <testcase name="feature" time="92.144" classname="com.testrunner.FlightTestRunner"/>
</testsuite> <!-- com.testrunner.FlightTestRunner -->
